Exporter version: 3.3.0, Blender version: 3.3.1
========= Conversion from Blender to Babylon.js =========
	Scene settings used :
		Inline textures     :  false
		Material Type       :  PBR
		Positions Precision :  4
		Normals Precision   :  3
		UVs Precision       :  3
		Vert Color Precision:  3
		Mat Weight Precision:  2
		Keep Z-up r-handed  :  no
		Texture directory   :  H:\UnderWater Scene\Shark\
	Python World class constructor completed
	WARNING: No active camera has been assigned, or is not in a currently enabled collection
	processing begun of mesh:  pasted__polySurface13
		animation processing begun
			processing action Action:  in[1 - 3600], out[0 - 3600]
		processing begun of material:  Shark
			WARNING: unsupported node type(ShaderNodeVertexColor) will trigger baking
			WARNING: unsupported node type(ShaderNodeMixRGB) will trigger baking
		processing begun of material:  Eye
			WARNING: Metal channel baking required, but not possible, ignored
			WARNING: Roughness channel baking required, but not possible, ignored
			WARNING: Refraction channel baking required, but not possible, ignored
			Baking texture, type: DIFFUSE, mapped using: BakingUV
			processing texture pasted__polySurface13_baked_DIFFUSE
					WARNING: Texture is not mapped as UV or UV2, assigned 1
			Diffuse / albeto channel baked
			Baking texture, type: EMIT, mapped using: BakingUV
			processing texture pasted__polySurface13_baked_EMIT
					WARNING: Texture is not mapped as UV or UV2, assigned 1
			emissive channel baked
			Baking texture, type: GLOSSY, mapped using: BakingUV
			processing texture pasted__polySurface13_baked_GLOSSY
					WARNING: Texture is not mapped as UV or UV2, assigned 1
			specular channel baked
			bake time:  0 min, 28.7293 secs
		Custom split normals with tangents being used
		num positions      :  4519
		num normals        :  4519
		num tangents       :  18076
		num uvs            :  9038
		num uvs2           :  0
		num colors         :  18076
		num triangles      :  3738
		WARNING: # of 0 area faces found:  56
		Shape Keys:
			Key 1 added
				adding action "KeyAction":  [1 - 180]
			Key 2 added
				adding action "KeyAction":  [1 - 360]
========= Writing of JSON file started =========
	writing mesh:  pasted__polySurface13
========= Writing of JSON file completed =========
========= end of processing =========
elapsed time:  16 min, 10.411 secs
