Exporter version: 3.3.0, Blender version: 3.3.1
========= Conversion from Blender to Babylon.js =========
	Scene settings used :
		Inline textures     :  false
		Material Type       :  PBR
		Positions Precision :  4
		Normals Precision   :  3
		UVs Precision       :  3
		Vert Color Precision:  3
		Mat Weight Precision:  2
		Keep Z-up r-handed  :  no
		Texture directory   :  H:\Babylonjs_R&D\Blender test\Solar_System\Sun\
	Python World class constructor completed
	WARNING: No active camera has been assigned, or is not in a currently enabled collection
	processing begun of mesh:  sun1
		processing begun of material:  sun
			processing texture k_sun_8
			processing texture k_sun_8
			processing texture k_sun_8
		Custom split normals with tangents being used
		num positions      :  2696
		num normals        :  2696
		num tangents       :  10784
		num uvs            :  5392
		num uvs2           :  0
		num colors         :  0
		num triangles      :  4900
========= Writing of JSON file started =========
	writing mesh:  sun1
========= Writing of JSON file completed =========
========= end of processing =========
elapsed time:  0 min, 0.8722 secs
